<?xml version="1.0" encoding="UTF-8"?>
<!-- Generated by org.testng.reporters.JUnitReportReporter -->
<testsuite skipped="0" hostname="LAPTOP-2NA4FFI8" name="testng.SampleTest" tests="6" failures="0" timestamp="07 Jul 2021 05:16:24 GMT" time="0.071" errors="0">
  <testcase name="sendMessage1" time="0.015" classname="testng.SampleTest"/>
  <testcase name="display4" time="0.004" classname="testng.SampleTest"/>
  <testcase name="display4" time="0.018" classname="testng.SampleTest"/>
  <testcase name="sendMessage1" time="0.007" classname="testng.SampleTest"/>
  <testcase name="display4" time="0.018" classname="testng.SampleTest"/>
  <testcase name="sendMessage1" time="0.009" classname="testng.SampleTest"/>
</testsuite> <!-- testng.SampleTest -->
