<?xml version="1.0" encoding="UTF-8"?>
<!-- Generated by org.testng.reporters.JUnitReportReporter -->
<testsuite skipped="0" hostname="LAPTOP-2NA4FFI8" name="runners.TestRunner" tests="1" failures="0" timestamp="06 Jul 2021 05:24:00 GMT" time="24.375" errors="0">
  <testcase name="feature" time="24.375" classname="runners.TestRunner"/>
</testsuite> <!-- runners.TestRunner -->
